<?xml version="1.0" encoding="UTF-8"?>
<!-- Generated by org.testng.reporters.JUnitReportReporter -->
<testsuite skipped="1" hostname="TVTHP" name="org.C_zentrix.org.C_zentrix.Testcases" tests="1" failures="0" timestamp="19 Jun 2019 12:51:16 GMT" time="0.000" errors="0">
  <testcase name="test" time="0.000" classname="org.C_zentrix.org.C_zentrix.Testcases">
    <skipped/>
  </testcase> <!-- test -->
</testsuite> <!-- org.C_zentrix.org.C_zentrix.Testcases -->
